15:31:39 **** Updating project FreeRTOS_Proj: project created
Project updated successfully

15:31:39 **** Updating project FreeRTOS_Proj: project refresh
Project updated successfully

15:32:06 **** Updating project FreeRTOS_Proj: Configuration file [FreeRTOS_Proj.rteconfig] is saved
Error loading RTE configuration file 'FreeRTOS_Proj.rteconfig':
FMD.StdDriverOne::Device.Startup - Additional software components required
Project update failed

16:11:31 **** Updating project FreeRTOS_Proj: initial project load
Error loading RTE configuration file 'D:/WorkSpace/FMD/1111/FreeRTOS_ForIAR/FreeRTOS_Proj/FreeRTOS_Proj.rteconfig':
FMD.StdDriverOne::Device.Startup - Additional software components required
Project update failed

16:11:31 **** Updating project FreeRTOS_Proj: project created
Project updated successfully

16:11:31 **** Updating project FreeRTOS_Proj: project refresh
Error loading RTE configuration file 'FreeRTOS_Proj':
FMD.StdDriverOne::Device.Startup - Additional software components required
Project update failed

16:28:41 **** Updating project FreeRTOS_Proj: initial project load
Error loading RTE configuration file 'D:/WorkSpace/FMD/1111/FreeRTOS_ForIAR/FreeRTOS_Proj/FreeRTOS_Proj.rteconfig':
FMD.StdDriverOne::Device.Startup - Additional software components required
Project update failed

16:28:42 **** Updating project FreeRTOS_Proj: project created
Project updated successfully

16:28:42 **** Updating project FreeRTOS_Proj: project refresh
Error loading RTE configuration file 'FreeRTOS_Proj':
FMD.StdDriverOne::Device.Startup - Additional software components required
Project update failed

14:12:34 **** Updating project FreeRTOS_Proj: initial project load
Error loading RTE configuration file 'D:/WorkSpace/FMD/1111/FreeRTOS_ForIAR/FreeRTOS_Proj/FreeRTOS_Proj.rteconfig':
FMD.StdDriverOne::Device.Startup - Additional software components required
Project update failed

14:12:35 **** Updating project FreeRTOS_Proj: project created
Project updated successfully

14:12:35 **** Updating project FreeRTOS_Proj: project refresh
Error loading RTE configuration file 'FreeRTOS_Proj':
FMD.StdDriverOne::Device.Startup - Additional software components required
Project update failed

15:25:29 **** Updating project FreeRTOS_Proj: initial project load
Error loading RTE configuration file 'D:/WorkSpace/FMD/1111/FreeRTOS_ForIAR/FreeRTOS_Proj/FreeRTOS_Proj.rteconfig':
FMD.StdDriverOne::Device.Startup - Additional software components required
Project update failed

15:25:29 **** Updating project FreeRTOS_Proj: project created
Project updated successfully

15:25:30 **** Updating project FreeRTOS_Proj: project refresh
Error loading RTE configuration file 'FreeRTOS_Proj':
FMD.StdDriverOne::Device.Startup - Additional software components required
Project update failed

16:04:16 **** Updating project FreeRTOS_Proj: initial project load
Error loading RTE configuration file 'D:/WorkSpace/FMD/1111/FreeRTOS_ForIAR/FreeRTOS_Proj/FreeRTOS_Proj.rteconfig':
FMD.StdDriverOne::Device.Startup - Additional software components required
Project update failed

16:04:16 **** Updating project FreeRTOS_Proj: project created
Project updated successfully

16:04:16 **** Updating project FreeRTOS_Proj: project refresh
Error loading RTE configuration file 'FreeRTOS_Proj':
FMD.StdDriverOne::Device.Startup - Additional software components required
Project update failed

09:58:41 **** Updating project FreeRTOS_Proj: initial project load
Error loading RTE configuration file 'D:/WorkSpace/FMD/1111/FreeRTOS_ForIAR/FreeRTOS_Proj/FreeRTOS_Proj.rteconfig':
FMD.StdDriverOne::Device.Startup - Additional software components required
Project update failed

09:58:41 **** Updating project FreeRTOS_Proj: project created
Project updated successfully

09:58:41 **** Updating project FreeRTOS_Proj: project refresh
Error loading RTE configuration file 'FreeRTOS_Proj':
FMD.StdDriverOne::Device.Startup - Additional software components required
Project update failed

11:21:21 **** Updating project FreeRTOS_Proj: initial project load
Error loading RTE configuration file 'D:/WorkSpace/FMD/1111/FreeRTOS_ForIAR/FreeRTOS_Proj/FreeRTOS_Proj.rteconfig':
FMD.StdDriverOne::Device.Startup - Additional software components required
Project update failed

11:21:22 **** Updating project FreeRTOS_Proj: project created
Project updated successfully

11:21:22 **** Updating project FreeRTOS_Proj: project refresh
Error loading RTE configuration file 'FreeRTOS_Proj':
FMD.StdDriverOne::Device.Startup - Additional software components required
Project update failed

10:10:27 **** Updating project FreeRTOS_Proj: initial project load
Error loading RTE configuration file 'D:/WorkSpace/FMD/1111/FreeRTOS_ForIAR/FreeRTOS_Proj/FreeRTOS_Proj.rteconfig':
FMD.StdDriverOne::Device.Startup - Additional software components required
Project update failed

10:10:28 **** Updating project FreeRTOS_Proj: project created
Project updated successfully

10:10:28 **** Updating project FreeRTOS_Proj: project refresh
Error loading RTE configuration file 'FreeRTOS_Proj':
FMD.StdDriverOne::Device.Startup - Additional software components required
Project update failed

